Using pre-set license
Built from '2021.3/staging' branch; Version is '2021.3.1f1 (3b70a0754835) revision 3895456'; Using compiler version '192829333'; Build Type 'Release'
OS: 'Windows 10  (10.0.19044) 64bit Professional' Language: 'pt' Physical Memory: 16296 MB
BatchMode: 1, IsHumanControllingUs: 0, StartBugReporterOnCrash: 0, Is64bit: 1, IsPro: 1

COMMAND LINE ARGUMENTS:
C:\Program Files\Unity\Hub\Editor\2021.3.1f1\Editor\Unity.exe
-adb2
-batchMode
-noUpm
-name
AssetImportWorker0
-projectPath
C:/Users/PC/atv 12
-logFile
Logs/AssetImportWorker0.log
-srvPort
58424
Successfully changed project path to: C:/Users/PC/atv 12
C:/Users/PC/atv 12
[UnityMemory] Configuration Parameters - Can be set up in boot.config
    "memorysetup-bucket-allocator-granularity=16"
    "memorysetup-bucket-allocator-bucket-count=8"
    "memorysetup-bucket-allocator-block-size=33554432"
    "memorysetup-bucket-allocator-block-count=8"
    "memorysetup-main-allocator-block-size=16777216"
    "memorysetup-thread-allocator-block-size=16777216"
    "memorysetup-gfx-main-allocator-block-size=16777216"
    "memorysetup-gfx-thread-allocator-block-size=16777216"
    "memorysetup-cache-allocator-block-size=4194304"
    "memorysetup-typetree-allocator-block-size=2097152"
    "memorysetup-profiler-bucket-allocator-granularity=16"
    "memorysetup-profiler-bucket-allocator-bucket-count=8"
    "memorysetup-profiler-bucket-allocator-block-size=33554432"
    "memorysetup-profiler-bucket-allocator-block-count=8"
    "memorysetup-profiler-allocator-block-size=16777216"
    "memorysetup-profiler-editor-allocator-block-size=1048576"
    "memorysetup-temp-allocator-size-main=16777216"
    "memorysetup-job-temp-allocator-block-size=2097152"
    "memorysetup-job-temp-allocator-block-size-background=1048576"
    "memorysetup-job-temp-allocator-reduction-small-platforms=262144"
    "memorysetup-temp-allocator-size-background-worker=32768"
    "memorysetup-temp-allocator-size-job-worker=262144"
    "memorysetup-temp-allocator-size-preload-manager=33554432"
    "memorysetup-temp-allocator-size-nav-mesh-worker=65536"
    "memorysetup-temp-allocator-size-audio-worker=65536"
    "memorysetup-temp-allocator-size-cloud-worker=32768"
    "memorysetup-temp-allocator-size-gi-baking-worker=262144"
    "memorysetup-temp-allocator-size-gfx=262144"
Refreshing native plugins compatible for Editor in 135.18 ms, found 4 plugins.
Preloading 0 native plugins for Editor in 0.00 ms.
Initialize engine version: 2021.3.1f1 (3b70a0754835)
[Subsystems] Discovering subsystems at path C:/Program Files/Unity/Hub/Editor/2021.3.1f1/Editor/Data/Resources/UnitySubsystems
[Subsystems] Discovering subsystems at path C:/Users/PC/atv 12/Assets
GfxDevice: creating device client; threaded=0; jobified=0
Direct3D:
    Version:  Direct3D 11.0 [level 11.1]
    Renderer: NVIDIA GeForce GTX 970 (ID=0x13c2)
    Vendor:   NVIDIA
    VRAM:     4043 MB
    Driver:   30.0.14.9729
Initialize mono
Mono path[0] = 'C:/Program Files/Unity/Hub/Editor/2021.3.1f1/Editor/Data/Managed'
Mono path[1] = 'C:/Program Files/Unity/Hub/Editor/2021.3.1f1/Editor/Data/MonoBleedingEdge/lib/mono/unityjit-win32'
Mono config path = 'C:/Program Files/Unity/Hub/Editor/2021.3.1f1/Editor/Data/MonoBleedingEdge/etc'
Using monoOptions --debugger-agent=transport=dt_socket,embedding=1,server=y,suspend=n,address=127.0.0.1:56040
Begin MonoManager ReloadAssembly
Registering precompiled unity dll's ...
Register platform support module: C:/Program Files/Unity/Hub/Editor/2021.3.1f1/Editor/Data/PlaybackEngines/WebGLSupport/UnityEditor.WebGL.Extensions.dll
Register platform support module: C:/Program Files/Unity/Hub/Editor/2021.3.1f1/Editor/Data/PlaybackEngines/WindowsStandaloneSupport/UnityEditor.WindowsStandalone.Extensions.dll
Registered in 0.009971 seconds.
Native extension for WindowsStandalone target not found
Native extension for WebGL target not found
Refreshing native plugins compatible for Editor in 130.51 ms, found 4 plugins.
Preloading 0 native plugins for Editor in 0.00 ms.
Mono: successfully reloaded assembly
- Completed reload, in  0.718 seconds
Domain Reload Profiling:
	ReloadAssembly (719ms)
		BeginReloadAssembly (82ms)
			ExecutionOrderSort (0ms)
			DisableScriptedObjects (0ms)
			BackupInstance (0ms)
			ReleaseScriptingObjects (0ms)
			CreateAndSetChildDomain (1ms)
		EndReloadAssembly (522ms)
			LoadAssemblies (79ms)
			RebuildTransferFunctionScriptingTraits (0ms)
			SetupTypeCache (123ms)
			ReleaseScriptCaches (0ms)
			RebuildScriptCaches (29ms)
			SetupLoadedEditorAssemblies (309ms)
				LogAssemblyErrors (0ms)
				InitializePlatformSupportModulesInManaged (11ms)
				SetLoadedEditorAssemblies (0ms)
				RefreshPlugins (131ms)
				BeforeProcessingInitializeOnLoad (1ms)
				ProcessInitializeOnLoadAttributes (119ms)
				ProcessInitializeOnLoadMethodAttributes (47ms)
				AfterProcessingInitializeOnLoad (0ms)
				EditorAssembliesLoaded (0ms)
			ExecutionOrderSort2 (0ms)
			AwakeInstancesAfterBackupRestoration (0ms)
Platform modules already initialized, skipping
Registering precompiled user dll's ...
Registered in 0.009366 seconds.
Begin MonoManager ReloadAssembly
Symbol file LoadedFromMemory doesn't match image C:\Users\PC\atv 12\Library\PackageCache\com.unity.visualscripting@1.7.6\Editor\VisualScripting.Core\Dependencies\YamlDotNet\Unity.VisualScripting.YamlDotNet.dll
Symbol file LoadedFromMemory is not a mono symbol file
Symbol file LoadedFromMemory doesn't match image C:\Users\PC\atv 12\Library\PackageCache\com.unity.visualscripting@1.7.6\Editor\VisualScripting.Core\Dependencies\DotNetZip\Unity.VisualScripting.IonicZip.dll
Native extension for WindowsStandalone target not found
Native extension for WebGL target not found
Refreshing native plugins compatible for Editor in 123.66 ms, found 4 plugins.
Preloading 0 native plugins for Editor in 0.00 ms.
Mono: successfully reloaded assembly
- Completed reload, in  1.274 seconds
Domain Reload Profiling:
	ReloadAssembly (1275ms)
		BeginReloadAssembly (136ms)
			ExecutionOrderSort (0ms)
			DisableScriptedObjects (7ms)
			BackupInstance (0ms)
			ReleaseScriptingObjects (0ms)
			CreateAndSetChildDomain (22ms)
		EndReloadAssembly (1016ms)
			LoadAssemblies (115ms)
			RebuildTransferFunctionScriptingTraits (0ms)
			SetupTypeCache (245ms)
			ReleaseScriptCaches (1ms)
			RebuildScriptCaches (59ms)
			SetupLoadedEditorAssemblies (556ms)
				LogAssemblyErrors (0ms)
				InitializePlatformSupportModulesInManaged (9ms)
				SetLoadedEditorAssemblies (0ms)
				RefreshPlugins (124ms)
				BeforeProcessingInitializeOnLoad (105ms)
				ProcessInitializeOnLoadAttributes (270ms)
				ProcessInitializeOnLoadMethodAttributes (39ms)
				AfterProcessingInitializeOnLoad (9ms)
				EditorAssembliesLoaded (0ms)
			ExecutionOrderSort2 (0ms)
			AwakeInstancesAfterBackupRestoration (9ms)
Platform modules already initialized, skipping
========================================================================
Worker process is ready to serve import requests
Launched and connected shader compiler UnityShaderCompiler.exe after 0.05 seconds
Refreshing native plugins compatible for Editor in 1.20 ms, found 4 plugins.
Preloading 0 native plugins for Editor in 0.00 ms.
Unloading 4095 Unused Serialized files (Serialized files now loaded: 0)
Unloading 53 unused Assets / (271.2 KB). Loaded Objects now: 4565.
Memory consumption went from 174.0 MB to 173.7 MB.
Total: 4.261000 ms (FindLiveObjects: 0.399900 ms CreateObjectMapping: 0.337100 ms MarkObjects: 3.367600 ms  DeleteObjects: 0.155200 ms)

AssetImportParameters requested are different than current active one (requested -> active):
  custom:video-decoder-ogg-theora: a1e56fd34408186e4bbccfd4996cb3dc -> 
  custom:container-muxer-webm: aa71ff27fc2769a1b78a27578f13a17b -> 
  custom:container-demuxer-webm: 4f35f7cbe854078d1ac9338744f61a02 -> 
  custom:video-encoder-webm-vp8: eb34c28f22e8b96e1ab97ce403110664 -> 
  custom:audio-encoder-webm-vorbis: bf7c407c2cedff20999df2af8eb42d56 -> 
  custom:framework-win-MediaFoundation: 216162199b28c13a410421893ffa2e32 -> 
  custom:container-demuxer-ogg: 62fdf1f143b41e24485cea50d1cbac27 -> 
  custom:video-decoder-webm-vp8: 9c59270c3fd7afecdb556c50c9e8de78 -> 
  custom:audio-decoder-ogg-vorbis: bf7c407c2cedff20999df2af8eb42d56 -> 
========================================================================
Received Import Request.
  Time since last request: 226007.487274 seconds.
  path: Assets/Assets atv 12/pixel-art-fantasy-game-main-heroes/PNG/Rogue/Push/push3.png
  artifactKey: Guid(e984384a69fe4c5459fec6dc2f4477ed) Importer(815301076,1909f56bfc062723c751e8b465ee728b)
Start importing Assets/Assets atv 12/pixel-art-fantasy-game-main-heroes/PNG/Rogue/Push/push3.png using Guid(e984384a69fe4c5459fec6dc2f4477ed) Importer(815301076,1909f56bfc062723c751e8b465ee728b)  -> (artifact id: 'cd781f87e33fb0209758f2742d0256e5') in 0.191561 seconds 
========================================================================
Received Import Request.
  Time since last request: 0.000024 seconds.
  path: Assets/Assets atv 12/pixel-art-fantasy-game-main-heroes/PNG/Rogue/Push/push4.png
  artifactKey: Guid(95593c82da21a4c4796787aff4b586d4) Importer(815301076,1909f56bfc062723c751e8b465ee728b)
Start importing Assets/Assets atv 12/pixel-art-fantasy-game-main-heroes/PNG/Rogue/Push/push4.png using Guid(95593c82da21a4c4796787aff4b586d4) Importer(815301076,1909f56bfc062723c751e8b465ee728b)  -> (artifact id: '69e1529837b4407c71754546612ecd0b') in 0.052364 seconds 
========================================================================
Received Import Request.
  Time since last request: 0.000028 seconds.
  path: Assets/Assets atv 12/pixel-art-fantasy-game-main-heroes/PNG/Rogue/Run/run5.png
  artifactKey: Guid(5e6baf8207ce722438fd3bee94d4beeb) Importer(815301076,1909f56bfc062723c751e8b465ee728b)
Start importing Assets/Assets atv 12/pixel-art-fantasy-game-main-heroes/PNG/Rogue/Run/run5.png using Guid(5e6baf8207ce722438fd3bee94d4beeb) Importer(815301076,1909f56bfc062723c751e8b465ee728b)  -> (artifact id: '559cb117756a385a1f5b6ddac88ea922') in 0.041930 seconds 
========================================================================
Received Import Request.
  Time since last request: 0.000021 seconds.
  path: Assets/Assets atv 12/pixel-art-fantasy-game-main-heroes/PNG/Rogue/Attack/Attack2.png
  artifactKey: Guid(e672184010bf4364b9d26587ca1a9d7a) Importer(815301076,1909f56bfc062723c751e8b465ee728b)
Start importing Assets/Assets atv 12/pixel-art-fantasy-game-main-heroes/PNG/Rogue/Attack/Attack2.png using Guid(e672184010bf4364b9d26587ca1a9d7a) Importer(815301076,1909f56bfc062723c751e8b465ee728b)  -> (artifact id: '5ff732dedbd3859617dc26343a64e553') in 0.058038 seconds 
========================================================================
Received Import Request.
  Time since last request: 0.007485 seconds.
  path: Assets/Assets atv 12/pixel-art-fantasy-game-main-heroes/PNG/Rogue/Attack/Attack3.png
  artifactKey: Guid(ee8a9bb371cd4614fad950309609f258) Importer(815301076,1909f56bfc062723c751e8b465ee728b)
Start importing Assets/Assets atv 12/pixel-art-fantasy-game-main-heroes/PNG/Rogue/Attack/Attack3.png using Guid(ee8a9bb371cd4614fad950309609f258) Importer(815301076,1909f56bfc062723c751e8b465ee728b)  -> (artifact id: '0da27cafaa06632fce6f1996f061d7b4') in 0.062910 seconds 
========================================================================
Received Import Request.
  Time since last request: 0.000024 seconds.
  path: Assets/Assets atv 12/pixel-art-fantasy-game-main-heroes/PNG/Rogue/Attack/Attack4.png
  artifactKey: Guid(1e48c0b63ee108a43a01382b1034e7e2) Importer(815301076,1909f56bfc062723c751e8b465ee728b)
Start importing Assets/Assets atv 12/pixel-art-fantasy-game-main-heroes/PNG/Rogue/Attack/Attack4.png using Guid(1e48c0b63ee108a43a01382b1034e7e2) Importer(815301076,1909f56bfc062723c751e8b465ee728b)  -> (artifact id: 'ad9005dd178e9d7b1d06a8ecad8822fe') in 0.044080 seconds 
========================================================================
Received Import Request.
  Time since last request: 0.000082 seconds.
  path: Assets/Assets atv 12/pixel-art-fantasy-game-main-heroes/PNG/Rogue/Run/run1.png
  artifactKey: Guid(f1c47285a55803745979b1fef5748b0d) Importer(815301076,1909f56bfc062723c751e8b465ee728b)
Start importing Assets/Assets atv 12/pixel-art-fantasy-game-main-heroes/PNG/Rogue/Run/run1.png using Guid(f1c47285a55803745979b1fef5748b0d) Importer(815301076,1909f56bfc062723c751e8b465ee728b)  -> (artifact id: '74c91e5b1fe8f25f71bb0cc9574a8da5') in 0.035527 seconds 
========================================================================
Received Import Request.
  Time since last request: 0.000019 seconds.
  path: Assets/Assets atv 12/pixel-art-fantasy-game-main-heroes/PNG/Rogue/Attack/Attack5.png
  artifactKey: Guid(89947a9bf35307e45b74307ee087d69d) Importer(815301076,1909f56bfc062723c751e8b465ee728b)
Start importing Assets/Assets atv 12/pixel-art-fantasy-game-main-heroes/PNG/Rogue/Attack/Attack5.png using Guid(89947a9bf35307e45b74307ee087d69d) Importer(815301076,1909f56bfc062723c751e8b465ee728b)  -> (artifact id: 'c32dc7fe88e19cac8799ff7ac91885f6') in 0.035160 seconds 
========================================================================
Received Import Request.
  Time since last request: 0.000019 seconds.
  path: Assets/Assets atv 12/pixel-art-fantasy-game-main-heroes/PNG/Rogue/Run/run2.png
  artifactKey: Guid(ee3b9bd7ef6a32648975b14f5f23b421) Importer(815301076,1909f56bfc062723c751e8b465ee728b)
Start importing Assets/Assets atv 12/pixel-art-fantasy-game-main-heroes/PNG/Rogue/Run/run2.png using Guid(ee3b9bd7ef6a32648975b14f5f23b421) Importer(815301076,1909f56bfc062723c751e8b465ee728b)  -> (artifact id: '33c20715bb02c5a4043fbd06c9478f87') in 0.032533 seconds 
========================================================================
Received Import Request.
  Time since last request: 0.000021 seconds.
  path: Assets/Assets atv 12/pixel-art-fantasy-game-main-heroes/PNG/Rogue/Run/run4.png
  artifactKey: Guid(3736b85bf03d4d844afb79412bd11284) Importer(815301076,1909f56bfc062723c751e8b465ee728b)
Start importing Assets/Assets atv 12/pixel-art-fantasy-game-main-heroes/PNG/Rogue/Run/run4.png using Guid(3736b85bf03d4d844afb79412bd11284) Importer(815301076,1909f56bfc062723c751e8b465ee728b)  -> (artifact id: 'd66639dca06d7a4631fb8a9572e56110') in 0.034899 seconds 
========================================================================
Received Import Request.
  Time since last request: 0.000021 seconds.
  path: Assets/Assets atv 12/pixel-art-fantasy-game-main-heroes/PNG/Rogue/Attack/Attack6.png
  artifactKey: Guid(3a8dab497548d454ea88061cf4f39815) Importer(815301076,1909f56bfc062723c751e8b465ee728b)
Start importing Assets/Assets atv 12/pixel-art-fantasy-game-main-heroes/PNG/Rogue/Attack/Attack6.png using Guid(3a8dab497548d454ea88061cf4f39815) Importer(815301076,1909f56bfc062723c751e8b465ee728b)  -> (artifact id: 'f70b7111ff0a4761d145e56a5ff67453') in 0.033948 seconds 
========================================================================
Received Import Request.
  Time since last request: 0.000022 seconds.
  path: Assets/Assets atv 12/pixel-art-fantasy-game-main-heroes/PNG/Rogue/Push/push2.png
  artifactKey: Guid(f67557f2e60a09044b223186f3385da1) Importer(815301076,1909f56bfc062723c751e8b465ee728b)
Start importing Assets/Assets atv 12/pixel-art-fantasy-game-main-heroes/PNG/Rogue/Push/push2.png using Guid(f67557f2e60a09044b223186f3385da1) Importer(815301076,1909f56bfc062723c751e8b465ee728b)  -> (artifact id: '5e9f277d4a0300ea2f47d6572db942f4') in 0.036517 seconds 
========================================================================
Received Import Request.
  Time since last request: 0.000028 seconds.
  path: Assets/Assets atv 12/pixel-art-fantasy-game-main-heroes/PNG/Rogue/Run/run7.png
  artifactKey: Guid(dbb7421bfbeba3042a4bfbbc26b2c2d9) Importer(815301076,1909f56bfc062723c751e8b465ee728b)
Start importing Assets/Assets atv 12/pixel-art-fantasy-game-main-heroes/PNG/Rogue/Run/run7.png using Guid(dbb7421bfbeba3042a4bfbbc26b2c2d9) Importer(815301076,1909f56bfc062723c751e8b465ee728b)  -> (artifact id: 'f54dff050af427d06e90f9bd29fa75a1') in 0.033234 seconds 
========================================================================
Received Import Request.
  Time since last request: 0.000018 seconds.
  path: Assets/Assets atv 12/pixel-art-fantasy-game-main-heroes/PNG/Rogue/Run/run8.png
  artifactKey: Guid(73e489ce3eea9b14b8ee712ae8f9fc7e) Importer(815301076,1909f56bfc062723c751e8b465ee728b)
Start importing Assets/Assets atv 12/pixel-art-fantasy-game-main-heroes/PNG/Rogue/Run/run8.png using Guid(73e489ce3eea9b14b8ee712ae8f9fc7e) Importer(815301076,1909f56bfc062723c751e8b465ee728b)  -> (artifact id: '1e23cf8828a7ecba270393b426575a88') in 0.041389 seconds 
========================================================================
Received Import Request.
  Time since last request: 0.000021 seconds.
  path: Assets/Assets atv 12/pixel-art-fantasy-game-main-heroes/PNG/Rogue/Attack/Attack1.png
  artifactKey: Guid(927f01bce71917943a93bb2589332570) Importer(815301076,1909f56bfc062723c751e8b465ee728b)
Start importing Assets/Assets atv 12/pixel-art-fantasy-game-main-heroes/PNG/Rogue/Attack/Attack1.png using Guid(927f01bce71917943a93bb2589332570) Importer(815301076,1909f56bfc062723c751e8b465ee728b)  -> (artifact id: '082b109454682ed6b1a71b8276da673d') in 0.052522 seconds 
========================================================================
Received Import Request.
  Time since last request: 0.000019 seconds.
  path: Assets/Assets atv 12/pixel-art-fantasy-game-main-heroes/PNG/Rogue/Run/run3.png
  artifactKey: Guid(7629b4609e696fe41a632452dec489ab) Importer(815301076,1909f56bfc062723c751e8b465ee728b)
Start importing Assets/Assets atv 12/pixel-art-fantasy-game-main-heroes/PNG/Rogue/Run/run3.png using Guid(7629b4609e696fe41a632452dec489ab) Importer(815301076,1909f56bfc062723c751e8b465ee728b)  -> (artifact id: '6780921d6f318b06d7660cb6ef82d8b3') in 0.033252 seconds 
========================================================================
Received Import Request.
  Time since last request: 0.000024 seconds.
  path: Assets/Assets atv 12/pixel-art-fantasy-game-main-heroes/PNG/Rogue/Run/run6.png
  artifactKey: Guid(5e8f8f320b852d642a69b2ea4696cad9) Importer(815301076,1909f56bfc062723c751e8b465ee728b)
Start importing Assets/Assets atv 12/pixel-art-fantasy-game-main-heroes/PNG/Rogue/Run/run6.png using Guid(5e8f8f320b852d642a69b2ea4696cad9) Importer(815301076,1909f56bfc062723c751e8b465ee728b)  -> (artifact id: '612b230feb09c6a3461a5521b34c6b69') in 0.033249 seconds 
========================================================================
Received Import Request.
  Time since last request: 0.000021 seconds.
  path: Assets/Assets atv 12/pixel-art-fantasy-game-main-heroes/PNG/Rogue/Push/push1.png
  artifactKey: Guid(b0a61d0fec34de2438b2cfadee0a1875) Importer(815301076,1909f56bfc062723c751e8b465ee728b)
Start importing Assets/Assets atv 12/pixel-art-fantasy-game-main-heroes/PNG/Rogue/Push/push1.png using Guid(b0a61d0fec34de2438b2cfadee0a1875) Importer(815301076,1909f56bfc062723c751e8b465ee728b)  -> (artifact id: 'a2b7884c37cfbbe2a32b042b669e437d') in 0.034060 seconds 
========================================================================
Received Import Request.
  Time since last request: 94.989969 seconds.
  path: Assets/Prefabs/Jewel 1.prefab
  artifactKey: Guid(9565723361aa2a9439f812f26da9e32d) Importer(815301076,1909f56bfc062723c751e8b465ee728b)
Start importing Assets/Prefabs/Jewel 1.prefab using Guid(9565723361aa2a9439f812f26da9e32d) Importer(815301076,1909f56bfc062723c751e8b465ee728b)  -> (artifact id: 'f3cdec20ee32c7cf05e802dc9c1d0205') in 0.074891 seconds 
========================================================================
Received Import Request.
  Time since last request: 0.000033 seconds.
  path: Assets/Prefabs/Jewel 5.prefab
  artifactKey: Guid(bdfbf93a35f904941b5d3b899bed4849) Importer(815301076,1909f56bfc062723c751e8b465ee728b)
Start importing Assets/Prefabs/Jewel 5.prefab using Guid(bdfbf93a35f904941b5d3b899bed4849) Importer(815301076,1909f56bfc062723c751e8b465ee728b)  -> (artifact id: '07bea7d552e8fc6985145d280fe2afb5') in 0.053146 seconds 
========================================================================
Received Import Request.
  Time since last request: 0.000032 seconds.
  path: Assets/Prefabs/Jewel 4.prefab
  artifactKey: Guid(cd19b176e42c181468258554c5891735) Importer(815301076,1909f56bfc062723c751e8b465ee728b)
Start importing Assets/Prefabs/Jewel 4.prefab using Guid(cd19b176e42c181468258554c5891735) Importer(815301076,1909f56bfc062723c751e8b465ee728b)  -> (artifact id: 'c789b29128df0d22db09749df82f9a03') in 0.052876 seconds 
========================================================================
Received Import Request.
  Time since last request: 0.000034 seconds.
  path: Assets/Prefabs/tornado.prefab
  artifactKey: Guid(f8707e70d448770489e9c8f04c5490df) Importer(815301076,1909f56bfc062723c751e8b465ee728b)
Start importing Assets/Prefabs/tornado.prefab using Guid(f8707e70d448770489e9c8f04c5490df) Importer(815301076,1909f56bfc062723c751e8b465ee728b)  -> (artifact id: '8af27aabe97d9a2d1e0513b83a37de20') in 0.045198 seconds 
========================================================================
Received Import Request.
  Time since last request: 19.774777 seconds.
  path: Assets/Assets atv 12/currently using
  artifactKey: Guid(2f9c7e5a285b3214f9020b9fd5705094) Importer(815301076,1909f56bfc062723c751e8b465ee728b)
Start importing Assets/Assets atv 12/currently using using Guid(2f9c7e5a285b3214f9020b9fd5705094) Importer(815301076,1909f56bfc062723c751e8b465ee728b)  -> (artifact id: 'c51ef22204f59b4ac0c5b6f44560f086') in 0.028822 seconds 
========================================================================
Received Import Request.
  Time since last request: 107.345356 seconds.
  path: Assets/Assets atv 12/currently using/mosquito
  artifactKey: Guid(1f4fd506782b5b040be4e658afb188aa) Importer(815301076,1909f56bfc062723c751e8b465ee728b)
Start importing Assets/Assets atv 12/currently using/mosquito using Guid(1f4fd506782b5b040be4e658afb188aa) Importer(815301076,1909f56bfc062723c751e8b465ee728b)  -> (artifact id: '7c4af757d40c66c3f6c30fa1aee5e53e') in 0.025198 seconds 
========================================================================
Received Import Request.
  Time since last request: 7.778487 seconds.
  path: Assets/Assets atv 12/ingredient-icons-pixel-art/PNG/Transperent/leaf4.png
  artifactKey: Guid(6d67a573d372e6e4186bf721deb68def) Importer(815301076,1909f56bfc062723c751e8b465ee728b)
Start importing Assets/Assets atv 12/ingredient-icons-pixel-art/PNG/Transperent/leaf4.png using Guid(6d67a573d372e6e4186bf721deb68def) Importer(815301076,1909f56bfc062723c751e8b465ee728b)  -> (artifact id: 'b5e86cb77c45fe7ecc6fd01f128bae29') in 0.042183 seconds 
========================================================================
Received Import Request.
  Time since last request: 0.000026 seconds.
  path: Assets/Assets atv 12/ingredient-icons-pixel-art/PNG/Transperent/leaf8.png
  artifactKey: Guid(098a9d14e2437874f8c4f06164b81d40) Importer(815301076,1909f56bfc062723c751e8b465ee728b)
Start importing Assets/Assets atv 12/ingredient-icons-pixel-art/PNG/Transperent/leaf8.png using Guid(098a9d14e2437874f8c4f06164b81d40) Importer(815301076,1909f56bfc062723c751e8b465ee728b)  -> (artifact id: 'afc66ebf52f7f3ad9b5289b190287417') in 0.037949 seconds 
========================================================================
Received Import Request.
  Time since last request: 0.000027 seconds.
  path: Assets/Assets atv 12/ingredient-icons-pixel-art/PNG/Transperent/leaf5.png
  artifactKey: Guid(e31d703b541ba274aad565cb689a0051) Importer(815301076,1909f56bfc062723c751e8b465ee728b)
Start importing Assets/Assets atv 12/ingredient-icons-pixel-art/PNG/Transperent/leaf5.png using Guid(e31d703b541ba274aad565cb689a0051) Importer(815301076,1909f56bfc062723c751e8b465ee728b)  -> (artifact id: '1740073fb15a3356e09de9135cf81c66') in 0.034262 seconds 
========================================================================
Received Import Request.
  Time since last request: 0.000025 seconds.
  path: Assets/Assets atv 12/ingredient-icons-pixel-art/PNG/Transperent/leaf6.png
  artifactKey: Guid(df5add2eb5d00414e99920f6e98b5cc9) Importer(815301076,1909f56bfc062723c751e8b465ee728b)
Start importing Assets/Assets atv 12/ingredient-icons-pixel-art/PNG/Transperent/leaf6.png using Guid(df5add2eb5d00414e99920f6e98b5cc9) Importer(815301076,1909f56bfc062723c751e8b465ee728b)  -> (artifact id: 'f2843c301da698f728663503e2377dc3') in 0.035604 seconds 
========================================================================
Received Import Request.
  Time since last request: 0.000020 seconds.
  path: Assets/Assets atv 12/ingredient-icons-pixel-art/PNG/Transperent/wood1.png
  artifactKey: Guid(b3f935f1ed298c54aa8a76e18ab765b6) Importer(815301076,1909f56bfc062723c751e8b465ee728b)
Start importing Assets/Assets atv 12/ingredient-icons-pixel-art/PNG/Transperent/wood1.png using Guid(b3f935f1ed298c54aa8a76e18ab765b6) Importer(815301076,1909f56bfc062723c751e8b465ee728b)  -> (artifact id: '4cf9f3cb44ea582117a2e1f334b3c243') in 0.033638 seconds 
========================================================================
Received Import Request.
  Time since last request: 0.000033 seconds.
  path: Assets/Assets atv 12/ingredient-icons-pixel-art/PNG/Transperent/scales.png
  artifactKey: Guid(759bc9aa115081a499dd8a9fcf79fd3a) Importer(815301076,1909f56bfc062723c751e8b465ee728b)
Start importing Assets/Assets atv 12/ingredient-icons-pixel-art/PNG/Transperent/scales.png using Guid(759bc9aa115081a499dd8a9fcf79fd3a) Importer(815301076,1909f56bfc062723c751e8b465ee728b)  -> (artifact id: 'ce8548575e931409e88250dfcd2420d3') in 0.035924 seconds 
========================================================================
Received Import Request.
  Time since last request: 0.000102 seconds.
  path: Assets/Assets atv 12/ingredient-icons-pixel-art/PNG/Transperent/leaf7.png
  artifactKey: Guid(dca240b0893a69346bbdc99481a1f678) Importer(815301076,1909f56bfc062723c751e8b465ee728b)
Start importing Assets/Assets atv 12/ingredient-icons-pixel-art/PNG/Transperent/leaf7.png using Guid(dca240b0893a69346bbdc99481a1f678) Importer(815301076,1909f56bfc062723c751e8b465ee728b)  -> (artifact id: 'f25baa65f808c50be8364d689a8bbbac') in 0.033130 seconds 
========================================================================
Received Import Request.
  Time since last request: 0.000027 seconds.
  path: Assets/Assets atv 12/ingredient-icons-pixel-art/PNG/Transperent/wood2.png
  artifactKey: Guid(db6a16d158452124c9205428ac547d20) Importer(815301076,1909f56bfc062723c751e8b465ee728b)
Start importing Assets/Assets atv 12/ingredient-icons-pixel-art/PNG/Transperent/wood2.png using Guid(db6a16d158452124c9205428ac547d20) Importer(815301076,1909f56bfc062723c751e8b465ee728b)  -> (artifact id: '6fa4ac320fa824f41a9512c24b1704b7') in 0.036122 seconds 
========================================================================
Received Import Request.
  Time since last request: 0.000069 seconds.
  path: Assets/Assets atv 12/ingredient-icons-pixel-art/PNG/Transperent/leaf10.png
  artifactKey: Guid(202f2912cc428d44a87fe0ea26e866ad) Importer(815301076,1909f56bfc062723c751e8b465ee728b)
Start importing Assets/Assets atv 12/ingredient-icons-pixel-art/PNG/Transperent/leaf10.png using Guid(202f2912cc428d44a87fe0ea26e866ad) Importer(815301076,1909f56bfc062723c751e8b465ee728b)  -> (artifact id: '5b7ff1d9bddb40115edf729e2f3d042a') in 0.031715 seconds 
========================================================================
Received Import Request.
  Time since last request: 0.000031 seconds.
  path: Assets/Assets atv 12/ingredient-icons-pixel-art/PNG/Transperent/leaf9.png
  artifactKey: Guid(7912530853d99c644bf97bfb793e5a8f) Importer(815301076,1909f56bfc062723c751e8b465ee728b)
Start importing Assets/Assets atv 12/ingredient-icons-pixel-art/PNG/Transperent/leaf9.png using Guid(7912530853d99c644bf97bfb793e5a8f) Importer(815301076,1909f56bfc062723c751e8b465ee728b)  -> (artifact id: 'c73c4cfc2245c6e5662b1ab40f3fc710') in 0.034544 seconds 
========================================================================
Received Import Request.
  Time since last request: 0.000056 seconds.
  path: Assets/Assets atv 12/ingredient-icons-pixel-art/PNG/Transperent/pod.png
  artifactKey: Guid(2a81146278271fd4fb0f22bd06bb7248) Importer(815301076,1909f56bfc062723c751e8b465ee728b)
Start importing Assets/Assets atv 12/ingredient-icons-pixel-art/PNG/Transperent/pod.png using Guid(2a81146278271fd4fb0f22bd06bb7248) Importer(815301076,1909f56bfc062723c751e8b465ee728b)  -> (artifact id: 'd83c46d333f8c659ea611f3aff045db2') in 0.047451 seconds 
========================================================================
Received Import Request.
  Time since last request: 8.504914 seconds.
  path: Assets/Assets atv 12/ingredient-icons-pixel-art/PNG/Transperent/flower7.png
  artifactKey: Guid(2dbbf2b2a713ca242bd83be4ce69abe1) Importer(815301076,1909f56bfc062723c751e8b465ee728b)
Start importing Assets/Assets atv 12/ingredient-icons-pixel-art/PNG/Transperent/flower7.png using Guid(2dbbf2b2a713ca242bd83be4ce69abe1) Importer(815301076,1909f56bfc062723c751e8b465ee728b)  -> (artifact id: '1e6edba720b8d580a42f54aa1d4b3a2e') in 0.039203 seconds 
========================================================================
Received Import Request.
  Time since last request: 0.000020 seconds.
  path: Assets/Assets atv 12/ingredient-icons-pixel-art/PNG/Transperent/flower10.png
  artifactKey: Guid(dfd0b7b2b94d4af46a472a511d8ac8af) Importer(815301076,1909f56bfc062723c751e8b465ee728b)
Start importing Assets/Assets atv 12/ingredient-icons-pixel-art/PNG/Transperent/flower10.png using Guid(dfd0b7b2b94d4af46a472a511d8ac8af) Importer(815301076,1909f56bfc062723c751e8b465ee728b)  -> (artifact id: 'b5144768e961d433cd8d2a41919868e3') in 0.038109 seconds 
========================================================================
Received Import Request.
  Time since last request: 0.000021 seconds.
  path: Assets/Assets atv 12/ingredient-icons-pixel-art/PNG/Transperent/flower2.png
  artifactKey: Guid(b6cf1781b93f56946b15d3777312de69) Importer(815301076,1909f56bfc062723c751e8b465ee728b)
Start importing Assets/Assets atv 12/ingredient-icons-pixel-art/PNG/Transperent/flower2.png using Guid(b6cf1781b93f56946b15d3777312de69) Importer(815301076,1909f56bfc062723c751e8b465ee728b)  -> (artifact id: '694fdac723c6eb4fe79c4121828f8f0b') in 0.032308 seconds 
========================================================================
Received Import Request.
  Time since last request: 0.000082 seconds.
  path: Assets/Assets atv 12/ingredient-icons-pixel-art/PNG/Transperent/butterfly_wing2.png
  artifactKey: Guid(2ef426927426e6a4f9bb53b6a5d2fc20) Importer(815301076,1909f56bfc062723c751e8b465ee728b)
Start importing Assets/Assets atv 12/ingredient-icons-pixel-art/PNG/Transperent/butterfly_wing2.png using Guid(2ef426927426e6a4f9bb53b6a5d2fc20) Importer(815301076,1909f56bfc062723c751e8b465ee728b)  -> (artifact id: '77f77504876d552b2a0630ed70ebf9b1') in 0.033263 seconds 
========================================================================
Received Import Request.
  Time since last request: 0.000023 seconds.
  path: Assets/Assets atv 12/ingredient-icons-pixel-art/PNG/Transperent/bone.png
  artifactKey: Guid(e0b013b3571fdc7468b689ca22e18fc7) Importer(815301076,1909f56bfc062723c751e8b465ee728b)
Start importing Assets/Assets atv 12/ingredient-icons-pixel-art/PNG/Transperent/bone.png using Guid(e0b013b3571fdc7468b689ca22e18fc7) Importer(815301076,1909f56bfc062723c751e8b465ee728b)  -> (artifact id: '52b1e935032c07feefcf554663fca108') in 0.030745 seconds 
========================================================================
Received Import Request.
  Time since last request: 0.000025 seconds.
  path: Assets/Assets atv 12/ingredient-icons-pixel-art/PNG/Transperent/flower5.png
  artifactKey: Guid(77e848dc6157e8644ad94d53149184fb) Importer(815301076,1909f56bfc062723c751e8b465ee728b)
Start importing Assets/Assets atv 12/ingredient-icons-pixel-art/PNG/Transperent/flower5.png using Guid(77e848dc6157e8644ad94d53149184fb) Importer(815301076,1909f56bfc062723c751e8b465ee728b)  -> (artifact id: '0957ba913c2ada26e13de0749ebf31c6') in 0.032699 seconds 
========================================================================
Received Import Request.
  Time since last request: 0.000039 seconds.
  path: Assets/Assets atv 12/ingredient-icons-pixel-art/PNG/Transperent/flower1.png
  artifactKey: Guid(f5ebd5089b0341b4abd2a9f10d8dd6ac) Importer(815301076,1909f56bfc062723c751e8b465ee728b)
Start importing Assets/Assets atv 12/ingredient-icons-pixel-art/PNG/Transperent/flower1.png using Guid(f5ebd5089b0341b4abd2a9f10d8dd6ac) Importer(815301076,1909f56bfc062723c751e8b465ee728b)  -> (artifact id: '2027cd20ccece941a2aed035d31045c6') in 0.031660 seconds 
========================================================================
Received Import Request.
  Time since last request: 0.000021 seconds.
  path: Assets/Assets atv 12/ingredient-icons-pixel-art/PNG/Transperent/flower3.png
  artifactKey: Guid(c646ee177776f4b42baf77ea5a79055d) Importer(815301076,1909f56bfc062723c751e8b465ee728b)
Start importing Assets/Assets atv 12/ingredient-icons-pixel-art/PNG/Transperent/flower3.png using Guid(c646ee177776f4b42baf77ea5a79055d) Importer(815301076,1909f56bfc062723c751e8b465ee728b)  -> (artifact id: '3058a08b5ee70cde856e7d8a3808be17') in 0.031299 seconds 
========================================================================
Received Import Request.
  Time since last request: 0.000026 seconds.
  path: Assets/Assets atv 12/ingredient-icons-pixel-art/PNG/Transperent/butterfly_wing1.png
  artifactKey: Guid(fb0a19a73198d394f9f63c0af84f3b4f) Importer(815301076,1909f56bfc062723c751e8b465ee728b)
Start importing Assets/Assets atv 12/ingredient-icons-pixel-art/PNG/Transperent/butterfly_wing1.png using Guid(fb0a19a73198d394f9f63c0af84f3b4f) Importer(815301076,1909f56bfc062723c751e8b465ee728b)  -> (artifact id: '43b48f486ec37dca9b3d5cc05f21a8d7') in 0.033267 seconds 
========================================================================
Received Import Request.
  Time since last request: 0.000024 seconds.
  path: Assets/Assets atv 12/ingredient-icons-pixel-art/PNG/Transperent/flower8.png
  artifactKey: Guid(2c4313c08e8cc1e40a304d6a7cdee00c) Importer(815301076,1909f56bfc062723c751e8b465ee728b)
Start importing Assets/Assets atv 12/ingredient-icons-pixel-art/PNG/Transperent/flower8.png using Guid(2c4313c08e8cc1e40a304d6a7cdee00c) Importer(815301076,1909f56bfc062723c751e8b465ee728b)  -> (artifact id: 'c3a7b5d38b3e96bc93315146191e5cce') in 0.031544 seconds 
========================================================================
Received Import Request.
  Time since last request: 0.000026 seconds.
  path: Assets/Assets atv 12/ingredient-icons-pixel-art/PNG/Transperent/grass.png
  artifactKey: Guid(7985c3e27b69d2944824e424f0055b2f) Importer(815301076,1909f56bfc062723c751e8b465ee728b)
Start importing Assets/Assets atv 12/ingredient-icons-pixel-art/PNG/Transperent/grass.png using Guid(7985c3e27b69d2944824e424f0055b2f) Importer(815301076,1909f56bfc062723c751e8b465ee728b)  -> (artifact id: '75efd17b0a23befd813887fca1fbed90') in 0.029075 seconds 
========================================================================
Received Import Request.
  Time since last request: 0.000024 seconds.
  path: Assets/Assets atv 12/ingredient-icons-pixel-art/PNG/Transperent/flower9.png
  artifactKey: Guid(ef8fd30f7b4b956459b8625c36470d14) Importer(815301076,1909f56bfc062723c751e8b465ee728b)
Start importing Assets/Assets atv 12/ingredient-icons-pixel-art/PNG/Transperent/flower9.png using Guid(ef8fd30f7b4b956459b8625c36470d14) Importer(815301076,1909f56bfc062723c751e8b465ee728b)  -> (artifact id: '6dd10981b985f96de071354528066494') in 0.034062 seconds 
========================================================================
Received Import Request.
  Time since last request: 0.000046 seconds.
  path: Assets/Assets atv 12/ingredient-icons-pixel-art/PNG/Transperent/leaf3.png
  artifactKey: Guid(8077fdc15530cb245b0f3cf833b97b42) Importer(815301076,1909f56bfc062723c751e8b465ee728b)
Start importing Assets/Assets atv 12/ingredient-icons-pixel-art/PNG/Transperent/leaf3.png using Guid(8077fdc15530cb245b0f3cf833b97b42) Importer(815301076,1909f56bfc062723c751e8b465ee728b)  -> (artifact id: '89a74e2f422ca9df07650bbd5fee92bf') in 0.033001 seconds 
========================================================================
Received Import Request.
  Time since last request: 0.000023 seconds.
  path: Assets/Assets atv 12/ingredient-icons-pixel-art/PNG/Transperent/crystal1.png
  artifactKey: Guid(22aec43f36f1d6d44b5d4ec28a21a0e2) Importer(815301076,1909f56bfc062723c751e8b465ee728b)
Start importing Assets/Assets atv 12/ingredient-icons-pixel-art/PNG/Transperent/crystal1.png using Guid(22aec43f36f1d6d44b5d4ec28a21a0e2) Importer(815301076,1909f56bfc062723c751e8b465ee728b)  -> (artifact id: '6a051cb80602c89efb8d9c98b6cfc605') in 0.030551 seconds 
========================================================================
Received Import Request.
  Time since last request: 0.000022 seconds.
  path: Assets/Assets atv 12/ingredient-icons-pixel-art/PNG/Transperent/leaf1.png
  artifactKey: Guid(3542bc6116dafa74fb848b84787a9685) Importer(815301076,1909f56bfc062723c751e8b465ee728b)
Start importing Assets/Assets atv 12/ingredient-icons-pixel-art/PNG/Transperent/leaf1.png using Guid(3542bc6116dafa74fb848b84787a9685) Importer(815301076,1909f56bfc062723c751e8b465ee728b)  -> (artifact id: 'e48794e60f73915f638b9f4dacb5adc1') in 0.034903 seconds 
========================================================================
Received Import Request.
  Time since last request: 0.000027 seconds.
  path: Assets/Assets atv 12/ingredient-icons-pixel-art/PNG/Transperent/eggs.png
  artifactKey: Guid(b2d92d7d55dd6c84ebbcc5c61e036cc4) Importer(815301076,1909f56bfc062723c751e8b465ee728b)
Start importing Assets/Assets atv 12/ingredient-icons-pixel-art/PNG/Transperent/eggs.png using Guid(b2d92d7d55dd6c84ebbcc5c61e036cc4) Importer(815301076,1909f56bfc062723c751e8b465ee728b)  -> (artifact id: 'ce6ce0bd82c43ff79cbd1811083c629b') in 0.032613 seconds 
========================================================================
Received Import Request.
  Time since last request: 0.000026 seconds.
  path: Assets/Assets atv 12/ingredient-icons-pixel-art/PNG/Transperent/flower6.png
  artifactKey: Guid(4489c171a24e56d43b93a28172e531b1) Importer(815301076,1909f56bfc062723c751e8b465ee728b)
Start importing Assets/Assets atv 12/ingredient-icons-pixel-art/PNG/Transperent/flower6.png using Guid(4489c171a24e56d43b93a28172e531b1) Importer(815301076,1909f56bfc062723c751e8b465ee728b)  -> (artifact id: '14a6ede70b8170fc402e5b7407cdd97c') in 0.031684 seconds 
========================================================================
Received Import Request.
  Time since last request: 0.000024 seconds.
  path: Assets/Assets atv 12/ingredient-icons-pixel-art/PNG/Transperent/cotton.png
  artifactKey: Guid(f7af957e2946cad40b9cffa015d26bff) Importer(815301076,1909f56bfc062723c751e8b465ee728b)
Start importing Assets/Assets atv 12/ingredient-icons-pixel-art/PNG/Transperent/cotton.png using Guid(f7af957e2946cad40b9cffa015d26bff) Importer(815301076,1909f56bfc062723c751e8b465ee728b)  -> (artifact id: '7db81194d7742d3f210357d4a75b1157') in 0.033359 seconds 
========================================================================
Received Import Request.
  Time since last request: 0.000029 seconds.
  path: Assets/Assets atv 12/ingredient-icons-pixel-art/PNG/Transperent/berrys2.png
  artifactKey: Guid(8c66e5c253c7a8845bb1a40b821e40f0) Importer(815301076,1909f56bfc062723c751e8b465ee728b)
Start importing Assets/Assets atv 12/ingredient-icons-pixel-art/PNG/Transperent/berrys2.png using Guid(8c66e5c253c7a8845bb1a40b821e40f0) Importer(815301076,1909f56bfc062723c751e8b465ee728b)  -> (artifact id: '012865b9df131df82c1a30ed2afdec4d') in 0.031797 seconds 
========================================================================
Received Import Request.
  Time since last request: 0.000037 seconds.
  path: Assets/Assets atv 12/ingredient-icons-pixel-art/PNG/Transperent/feather.png
  artifactKey: Guid(09457b2340cbf5345b52a7fcfe77207e) Importer(815301076,1909f56bfc062723c751e8b465ee728b)
Start importing Assets/Assets atv 12/ingredient-icons-pixel-art/PNG/Transperent/feather.png using Guid(09457b2340cbf5345b52a7fcfe77207e) Importer(815301076,1909f56bfc062723c751e8b465ee728b)  -> (artifact id: 'e288e44f0aaaedd36c4dc665ac45d905') in 0.031878 seconds 
========================================================================
Received Import Request.
  Time since last request: 0.000025 seconds.
  path: Assets/Assets atv 12/ingredient-icons-pixel-art/PNG/Transperent/crystal2.png
  artifactKey: Guid(c2e6d808d876c7744933c4e0c890114c) Importer(815301076,1909f56bfc062723c751e8b465ee728b)
Start importing Assets/Assets atv 12/ingredient-icons-pixel-art/PNG/Transperent/crystal2.png using Guid(c2e6d808d876c7744933c4e0c890114c) Importer(815301076,1909f56bfc062723c751e8b465ee728b)  -> (artifact id: 'cd09c95a3c2ef6b0977cce7e2a35ae5c') in 0.031377 seconds 
========================================================================
Received Import Request.
  Time since last request: 0.000027 seconds.
  path: Assets/Assets atv 12/ingredient-icons-pixel-art/PNG/Transperent/leaf2.png
  artifactKey: Guid(319cc92dc0642c247928dafb53eb0515) Importer(815301076,1909f56bfc062723c751e8b465ee728b)
Start importing Assets/Assets atv 12/ingredient-icons-pixel-art/PNG/Transperent/leaf2.png using Guid(319cc92dc0642c247928dafb53eb0515) Importer(815301076,1909f56bfc062723c751e8b465ee728b)  -> (artifact id: 'a93066f1f9f3c2ad6eb0a37702004a9e') in 0.033208 seconds 
========================================================================
Received Import Request.
  Time since last request: 0.000026 seconds.
  path: Assets/Assets atv 12/ingredient-icons-pixel-art/PNG/Transperent/flower4.png
  artifactKey: Guid(78cfa5341b748b546b51f01cd4a73266) Importer(815301076,1909f56bfc062723c751e8b465ee728b)
Start importing Assets/Assets atv 12/ingredient-icons-pixel-art/PNG/Transperent/flower4.png using Guid(78cfa5341b748b546b51f01cd4a73266) Importer(815301076,1909f56bfc062723c751e8b465ee728b)  -> (artifact id: '1ad595242a1e5630ed6fc5d3221372b0') in 0.034269 seconds 
========================================================================
Received Import Request.
  Time since last request: 12.373802 seconds.
  path: Assets/Assets atv 12/currently using/Transperent
  artifactKey: Guid(11152d541233e8e478d18e44f135d21f) Importer(815301076,1909f56bfc062723c751e8b465ee728b)
Start importing Assets/Assets atv 12/currently using/Transperent using Guid(11152d541233e8e478d18e44f135d21f) Importer(815301076,1909f56bfc062723c751e8b465ee728b)  -> (artifact id: '4dd35fb5c3b2dc459af0f31817570d3b') in 0.025447 seconds 
========================================================================
Received Import Request.
  Time since last request: 28.649827 seconds.
  path: Assets/Assets atv 12/currently using/Rogue
  artifactKey: Guid(a23a8eef63e78854ba7075c51b48ca08) Importer(815301076,1909f56bfc062723c751e8b465ee728b)
Start importing Assets/Assets atv 12/currently using/Rogue using Guid(a23a8eef63e78854ba7075c51b48ca08) Importer(815301076,1909f56bfc062723c751e8b465ee728b)  -> (artifact id: 'daa848dcb2b2873cf68a106da6c5e110') in 0.024481 seconds 
========================================================================
Received Import Request.
  Time since last request: 36.142954 seconds.
  path: Assets/Assets atv 12/potion-icons-pixel-art/potions.psd
  artifactKey: Guid(a58e05c5d12e75840ba83fbae04a9844) Importer(815301076,1909f56bfc062723c751e8b465ee728b)
Start importing Assets/Assets atv 12/potion-icons-pixel-art/potions.psd using Guid(a58e05c5d12e75840ba83fbae04a9844) Importer(815301076,1909f56bfc062723c751e8b465ee728b)  -> (artifact id: '228003bb4cca8118f22bdebb063c3c52') in 0.053638 seconds 
========================================================================
Received Import Request.
  Time since last request: 29.653905 seconds.
  path: Assets/Assets atv 12/currently using/tornado
  artifactKey: Guid(6ccff43f607c89d469451c3456de65b4) Importer(815301076,1909f56bfc062723c751e8b465ee728b)
Start importing Assets/Assets atv 12/currently using/tornado using Guid(6ccff43f607c89d469451c3456de65b4) Importer(815301076,1909f56bfc062723c751e8b465ee728b)  -> (artifact id: '8bc59ec5d08b2c6f951645d69f6484d5') in 0.024625 seconds 
========================================================================
Received Import Request.
  Time since last request: 10.628253 seconds.
  path: Assets/Assets atv 12/currently using/Rogue/Push/push1.png
  artifactKey: Guid(b073fa5b9c903a74aae6865bb812dd38) Importer(815301076,1909f56bfc062723c751e8b465ee728b)
Start importing Assets/Assets atv 12/currently using/Rogue/Push/push1.png using Guid(b073fa5b9c903a74aae6865bb812dd38) Importer(815301076,1909f56bfc062723c751e8b465ee728b)  -> (artifact id: '3a86b0f9189acecde0bab7633b14617b') in 0.039865 seconds 
========================================================================
Received Import Request.
  Time since last request: 0.000025 seconds.
  path: Assets/Assets atv 12/currently using/Rogue/Push/push2.png
  artifactKey: Guid(1a862461035c8744db77a68e946a02f8) Importer(815301076,1909f56bfc062723c751e8b465ee728b)
Start importing Assets/Assets atv 12/currently using/Rogue/Push/push2.png using Guid(1a862461035c8744db77a68e946a02f8) Importer(815301076,1909f56bfc062723c751e8b465ee728b)  -> (artifact id: '27f60baa71b43f286ad63c896d7231a7') in 0.040054 seconds 
========================================================================
Received Import Request.
  Time since last request: 0.000021 seconds.
  path: Assets/Assets atv 12/currently using/Rogue/Push/push3.png
  artifactKey: Guid(dcec452c757c6a54d896426875188167) Importer(815301076,1909f56bfc062723c751e8b465ee728b)
Start importing Assets/Assets atv 12/currently using/Rogue/Push/push3.png using Guid(dcec452c757c6a54d896426875188167) Importer(815301076,1909f56bfc062723c751e8b465ee728b)  -> (artifact id: '5a05b826dd2f21dcc69599f0a7cf61b3') in 0.037615 seconds 
========================================================================
Received Import Request.
  Time since last request: 0.000040 seconds.
  path: Assets/Assets atv 12/currently using/Rogue/Push/push4.png
  artifactKey: Guid(fb8b393f999fb87468aa1968ba1bdca9) Importer(815301076,1909f56bfc062723c751e8b465ee728b)
Start importing Assets/Assets atv 12/currently using/Rogue/Push/push4.png using Guid(fb8b393f999fb87468aa1968ba1bdca9) Importer(815301076,1909f56bfc062723c751e8b465ee728b)  -> (artifact id: '42148075d12e0e1b22efa159ad7a0d6f') in 0.037986 seconds 
========================================================================
Received Import Request.
  Time since last request: 2.495626 seconds.
  path: Assets/Assets atv 12/currently using/Rogue/Walk_Attack/walk_attack1.png
  artifactKey: Guid(0788f04fb776f3e4a8655eb4e28607e1) Importer(815301076,1909f56bfc062723c751e8b465ee728b)
Start importing Assets/Assets atv 12/currently using/Rogue/Walk_Attack/walk_attack1.png using Guid(0788f04fb776f3e4a8655eb4e28607e1) Importer(815301076,1909f56bfc062723c751e8b465ee728b)  -> (artifact id: '01eef2ece58ed1818165bc92c667abd8') in 0.042751 seconds 
========================================================================
Received Import Request.
  Time since last request: 0.000026 seconds.
  path: Assets/Assets atv 12/currently using/Rogue/Walk_Attack/walk_attack5.png
  artifactKey: Guid(065afc98aa39a9a4ca9716a162e12f4c) Importer(815301076,1909f56bfc062723c751e8b465ee728b)
Start importing Assets/Assets atv 12/currently using/Rogue/Walk_Attack/walk_attack5.png using Guid(065afc98aa39a9a4ca9716a162e12f4c) Importer(815301076,1909f56bfc062723c751e8b465ee728b)  -> (artifact id: '509b17c621cffeef6088c4fb1b14131c') in 0.040932 seconds 
========================================================================
Received Import Request.
  Time since last request: 0.000027 seconds.
  path: Assets/Assets atv 12/currently using/Rogue/Walk_Attack/walk_attack3.png
  artifactKey: Guid(626a1834e546dd9489ee24e57dcc0ddc) Importer(815301076,1909f56bfc062723c751e8b465ee728b)
Start importing Assets/Assets atv 12/currently using/Rogue/Walk_Attack/walk_attack3.png using Guid(626a1834e546dd9489ee24e57dcc0ddc) Importer(815301076,1909f56bfc062723c751e8b465ee728b)  -> (artifact id: '773760a4248005555e71401e03c827ca') in 0.036476 seconds 
========================================================================
Received Import Request.
  Time since last request: 0.000027 seconds.
  path: Assets/Assets atv 12/currently using/Rogue/Walk_Attack/walk_attack6.png
  artifactKey: Guid(925615e6409e39b44aa10f460162e8f7) Importer(815301076,1909f56bfc062723c751e8b465ee728b)
Start importing Assets/Assets atv 12/currently using/Rogue/Walk_Attack/walk_attack6.png using Guid(925615e6409e39b44aa10f460162e8f7) Importer(815301076,1909f56bfc062723c751e8b465ee728b)  -> (artifact id: 'cdc89909fb79a557996c49f64d93b14c') in 0.039693 seconds 
========================================================================
Received Import Request.
  Time since last request: 0.000025 seconds.
  path: Assets/Assets atv 12/currently using/Rogue/Walk_Attack/walk_attack4.png
  artifactKey: Guid(91cff1c9667dc6a42a4e758161fd3c5c) Importer(815301076,1909f56bfc062723c751e8b465ee728b)
Start importing Assets/Assets atv 12/currently using/Rogue/Walk_Attack/walk_attack4.png using Guid(91cff1c9667dc6a42a4e758161fd3c5c) Importer(815301076,1909f56bfc062723c751e8b465ee728b)  -> (artifact id: '0d25d1b40c9909c75b0bc247918c43cf') in 0.039340 seconds 
========================================================================
Received Import Request.
  Time since last request: 0.000030 seconds.
  path: Assets/Assets atv 12/currently using/Rogue/Walk_Attack/walk_attack2.png
  artifactKey: Guid(8fa90d945bb222b4aae96b5ed3fa5c7b) Importer(815301076,1909f56bfc062723c751e8b465ee728b)
Start importing Assets/Assets atv 12/currently using/Rogue/Walk_Attack/walk_attack2.png using Guid(8fa90d945bb222b4aae96b5ed3fa5c7b) Importer(815301076,1909f56bfc062723c751e8b465ee728b)  -> (artifact id: '5c0306142e7d896b0334f36e7f62b068') in 0.035914 seconds 
========================================================================
Received Import Request.
  Time since last request: 112.248358 seconds.
  path: Assets/TextMesh Pro
  artifactKey: Guid(f54d1bd14bd3ca042bd867b519fee8cc) Importer(815301076,1909f56bfc062723c751e8b465ee728b)
Start importing Assets/TextMesh Pro using Guid(f54d1bd14bd3ca042bd867b519fee8cc) Importer(815301076,1909f56bfc062723c751e8b465ee728b)  -> (artifact id: 'f5648c5ef36b7beab651a001a8d08867') in 0.020921 seconds 
========================================================================
Received Import Request.
  Time since last request: 30.481743 seconds.
  path: Assets/Assets atv 12/pixel-art-forest-platformer-tileset/Tiles/Ground_grass_0029_tile.asset
  artifactKey: Guid(6f0ef827a6c050c439a5aec6a4b6e9c0) Importer(815301076,1909f56bfc062723c751e8b465ee728b)
Start importing Assets/Assets atv 12/pixel-art-forest-platformer-tileset/Tiles/Ground_grass_0029_tile.asset using Guid(6f0ef827a6c050c439a5aec6a4b6e9c0) Importer(815301076,1909f56bfc062723c751e8b465ee728b)  -> (artifact id: '9c0775acb863696bb20382ce6db8e46b') in 0.045183 seconds 
========================================================================
Received Import Request.
  Time since last request: 0.000016 seconds.
  path: Assets/Assets atv 12/pixel-art-forest-platformer-tileset/Tiles/Ground_grass_0035_tile.asset
  artifactKey: Guid(3c9a02782950cc94c8f3ee69f49e6161) Importer(815301076,1909f56bfc062723c751e8b465ee728b)
Start importing Assets/Assets atv 12/pixel-art-forest-platformer-tileset/Tiles/Ground_grass_0035_tile.asset using Guid(3c9a02782950cc94c8f3ee69f49e6161) Importer(815301076,1909f56bfc062723c751e8b465ee728b)  -> (artifact id: '8d434350f715c3966bffd59718dd217d') in 0.027877 seconds 
========================================================================
Received Import Request.
  Time since last request: 0.000027 seconds.
  path: Assets/Assets atv 12/pixel-art-forest-platformer-tileset/Tiles/Ground_grass_0038_tile.asset
  artifactKey: Guid(405ac5a82af91fa4085f6606b18fa1cf) Importer(815301076,1909f56bfc062723c751e8b465ee728b)
Start importing Assets/Assets atv 12/pixel-art-forest-platformer-tileset/Tiles/Ground_grass_0038_tile.asset using Guid(405ac5a82af91fa4085f6606b18fa1cf) Importer(815301076,1909f56bfc062723c751e8b465ee728b)  -> (artifact id: 'a7eb31eb0ce51052f069d9ee0cfa1f96') in 0.030428 seconds 
========================================================================
Received Import Request.
  Time since last request: 0.000024 seconds.
  path: Assets/Assets atv 12/pixel-art-forest-platformer-tileset/Tiles/Ground_grass_0033_3_tile.asset
  artifactKey: Guid(96cf5e76f6e3c464cac3a926297405da) Importer(815301076,1909f56bfc062723c751e8b465ee728b)
Start importing Assets/Assets atv 12/pixel-art-forest-platformer-tileset/Tiles/Ground_grass_0033_3_tile.asset using Guid(96cf5e76f6e3c464cac3a926297405da) Importer(815301076,1909f56bfc062723c751e8b465ee728b)  -> (artifact id: '9c4ce3efe4684c170f7c234d9144918e') in 0.031914 seconds 
========================================================================
Received Import Request.
  Time since last request: 0.000028 seconds.
  path: Assets/Assets atv 12/pixel-art-forest-platformer-tileset/Tiles/Ground_grass_0034_tile.asset
  artifactKey: Guid(965fa9b0e629206409fc50b27c40a212) Importer(815301076,1909f56bfc062723c751e8b465ee728b)
Start importing Assets/Assets atv 12/pixel-art-forest-platformer-tileset/Tiles/Ground_grass_0034_tile.asset using Guid(965fa9b0e629206409fc50b27c40a212) Importer(815301076,1909f56bfc062723c751e8b465ee728b)  -> (artifact id: '586dddb2936743e4ab7b9e7b26d32ad3') in 0.030008 seconds 
========================================================================
Received Import Request.
  Time since last request: 0.000025 seconds.
  path: Assets/Assets atv 12/pixel-art-forest-platformer-tileset/Tiles/Ground_grass_0030_tile.asset
  artifactKey: Guid(4d0857b4820b61b47b8b55766139c611) Importer(815301076,1909f56bfc062723c751e8b465ee728b)
Start importing Assets/Assets atv 12/pixel-art-forest-platformer-tileset/Tiles/Ground_grass_0030_tile.asset using Guid(4d0857b4820b61b47b8b55766139c611) Importer(815301076,1909f56bfc062723c751e8b465ee728b)  -> (artifact id: '7c9a74e27930aeeaa57f3a5cfd861103') in 0.034550 seconds 
========================================================================
Received Import Request.
  Time since last request: 0.000028 seconds.
  path: Assets/Assets atv 12/pixel-art-forest-platformer-tileset/Tiles/Ground_grass_0037_tile.asset
  artifactKey: Guid(02d8f27fe7efaf349a6236a4ced6ad68) Importer(815301076,1909f56bfc062723c751e8b465ee728b)
Start importing Assets/Assets atv 12/pixel-art-forest-platformer-tileset/Tiles/Ground_grass_0037_tile.asset using Guid(02d8f27fe7efaf349a6236a4ced6ad68) Importer(815301076,1909f56bfc062723c751e8b465ee728b)  -> (artifact id: '1a89939eea6f404807d093642ca8861e') in 0.028299 seconds 
========================================================================
Received Import Request.
  Time since last request: 0.000022 seconds.
  path: Assets/Assets atv 12/pixel-art-forest-platformer-tileset/Tiles/Ground_grass_0041_tile.asset
  artifactKey: Guid(ea70ec1b57cae454f9cacfd20c6362bf) Importer(815301076,1909f56bfc062723c751e8b465ee728b)
Start importing Assets/Assets atv 12/pixel-art-forest-platformer-tileset/Tiles/Ground_grass_0041_tile.asset using Guid(ea70ec1b57cae454f9cacfd20c6362bf) Importer(815301076,1909f56bfc062723c751e8b465ee728b)  -> (artifact id: '574e05bdac473746064abce43e646cd8') in 0.030593 seconds 
========================================================================
Received Import Request.
  Time since last request: 0.000023 seconds.
  path: Assets/Assets atv 12/pixel-art-forest-platformer-tileset/Tiles/Ground_grass_0043_tile.asset
  artifactKey: Guid(8b83458075a4a6543a9f1810760be65a) Importer(815301076,1909f56bfc062723c751e8b465ee728b)
Start importing Assets/Assets atv 12/pixel-art-forest-platformer-tileset/Tiles/Ground_grass_0043_tile.asset using Guid(8b83458075a4a6543a9f1810760be65a) Importer(815301076,1909f56bfc062723c751e8b465ee728b)  -> (artifact id: 'c9374a187539ee7df2717e5fb90e0869') in 0.031809 seconds 
========================================================================
Received Import Request.
  Time since last request: 0.000028 seconds.
  path: Assets/Assets atv 12/pixel-art-forest-platformer-tileset/Tiles/Ground_grass_0032_tile.asset
  artifactKey: Guid(c6bfc66b7b2c41a44814b84d9f2beb02) Importer(815301076,1909f56bfc062723c751e8b465ee728b)
Start importing Assets/Assets atv 12/pixel-art-forest-platformer-tileset/Tiles/Ground_grass_0032_tile.asset using Guid(c6bfc66b7b2c41a44814b84d9f2beb02) Importer(815301076,1909f56bfc062723c751e8b465ee728b)  -> (artifact id: '849ed49d6cb6733b0593719f2a82e6b9') in 0.032793 seconds 
========================================================================
Received Import Request.
  Time since last request: 0.000041 seconds.
  path: Assets/Assets atv 12/pixel-art-forest-platformer-tileset/Tiles/Ground_grass_0039_tile.asset
  artifactKey: Guid(13c3f17a4c698fc45b7fa13c0b5b607c) Importer(815301076,1909f56bfc062723c751e8b465ee728b)
Start importing Assets/Assets atv 12/pixel-art-forest-platformer-tileset/Tiles/Ground_grass_0039_tile.asset using Guid(13c3f17a4c698fc45b7fa13c0b5b607c) Importer(815301076,1909f56bfc062723c751e8b465ee728b)  -> (artifact id: '57ef53f8499f33e5e6d172e75c9af63c') in 0.030502 seconds 
========================================================================
Received Import Request.
  Time since last request: 0.000030 seconds.
  path: Assets/Assets atv 12/pixel-art-forest-platformer-tileset/Tiles/Ground_grass_0033_2_tile.asset
  artifactKey: Guid(08dca36bfa51c4b43afa017fbf5d419c) Importer(815301076,1909f56bfc062723c751e8b465ee728b)
Start importing Assets/Assets atv 12/pixel-art-forest-platformer-tileset/Tiles/Ground_grass_0033_2_tile.asset using Guid(08dca36bfa51c4b43afa017fbf5d419c) Importer(815301076,1909f56bfc062723c751e8b465ee728b)  -> (artifact id: '95201c9daac688c4cb67148a9dfbd0a0') in 0.029556 seconds 
========================================================================
Received Import Request.
  Time since last request: 0.000028 seconds.
  path: Assets/Assets atv 12/pixel-art-forest-platformer-tileset/Tiles/Ground_grass_0042_tile.asset
  artifactKey: Guid(9058b4c7e7864a84fad52f442ff02540) Importer(815301076,1909f56bfc062723c751e8b465ee728b)
Start importing Assets/Assets atv 12/pixel-art-forest-platformer-tileset/Tiles/Ground_grass_0042_tile.asset using Guid(9058b4c7e7864a84fad52f442ff02540) Importer(815301076,1909f56bfc062723c751e8b465ee728b)  -> (artifact id: '4ee3b6e9fabd7310ec0f30630ea693c4') in 0.029462 seconds 
========================================================================
Received Import Request.
  Time since last request: 0.000020 seconds.
  path: Assets/Assets atv 12/pixel-art-forest-platformer-tileset/Tiles/Ground_grass_0040_tile.asset
  artifactKey: Guid(4e0b81edea60a4143a227b9098fca88b) Importer(815301076,1909f56bfc062723c751e8b465ee728b)
Start importing Assets/Assets atv 12/pixel-art-forest-platformer-tileset/Tiles/Ground_grass_0040_tile.asset using Guid(4e0b81edea60a4143a227b9098fca88b) Importer(815301076,1909f56bfc062723c751e8b465ee728b)  -> (artifact id: '217a9d1433b15eb91793a8432a25961c') in 0.030795 seconds 
========================================================================
Received Import Request.
  Time since last request: 0.000027 seconds.
  path: Assets/Assets atv 12/pixel-art-forest-platformer-tileset/Tiles/Ground_grass_0033_tile.asset
  artifactKey: Guid(16403c05da8084747bb862a06cf7f74c) Importer(815301076,1909f56bfc062723c751e8b465ee728b)
Start importing Assets/Assets atv 12/pixel-art-forest-platformer-tileset/Tiles/Ground_grass_0033_tile.asset using Guid(16403c05da8084747bb862a06cf7f74c) Importer(815301076,1909f56bfc062723c751e8b465ee728b)  -> (artifact id: 'e5a83bdeecdf36dfa1c4b03b19afc007') in 0.032627 seconds 
========================================================================
Received Import Request.
  Time since last request: 0.000027 seconds.
  path: Assets/Assets atv 12/pixel-art-forest-platformer-tileset/Tiles/Ground_grass_0031_tile.asset
  artifactKey: Guid(6b1cf298f9140264f97c5ac6fa64139a) Importer(815301076,1909f56bfc062723c751e8b465ee728b)
Start importing Assets/Assets atv 12/pixel-art-forest-platformer-tileset/Tiles/Ground_grass_0031_tile.asset using Guid(6b1cf298f9140264f97c5ac6fa64139a) Importer(815301076,1909f56bfc062723c751e8b465ee728b)  -> (artifact id: 'd9be8f1214419e15341a735a1472a86f') in 0.029713 seconds 
========================================================================
Received Import Request.
  Time since last request: 0.000021 seconds.
  path: Assets/Assets atv 12/pixel-art-forest-platformer-tileset/Tiles/Ground_grass_0036_tile.asset
  artifactKey: Guid(6b765618036039740bf4fcd2ba950ebd) Importer(815301076,1909f56bfc062723c751e8b465ee728b)
Start importing Assets/Assets atv 12/pixel-art-forest-platformer-tileset/Tiles/Ground_grass_0036_tile.asset using Guid(6b765618036039740bf4fcd2ba950ebd) Importer(815301076,1909f56bfc062723c751e8b465ee728b)  -> (artifact id: '4aa490bfbe9822c03e6f135d8d9c553e') in 0.036940 seconds 
========================================================================
Received Import Request.
  Time since last request: 18.309941 seconds.
  path: Assets/Assets atv 12/currently using/pixel-art-forest-platformer-tileset
  artifactKey: Guid(1c4fb0758154295488cd494d91d59357) Importer(815301076,1909f56bfc062723c751e8b465ee728b)
Start importing Assets/Assets atv 12/currently using/pixel-art-forest-platformer-tileset using Guid(1c4fb0758154295488cd494d91d59357) Importer(815301076,1909f56bfc062723c751e8b465ee728b)  -> (artifact id: 'f476e5f27e1b19bd7b1a242c1e8a03dd') in 0.024102 seconds 
========================================================================
Received Import Request.
  Time since last request: 143.087793 seconds.
  path: Assets/Assets atv 12/currently using/mosquito/0mosquito.png
  artifactKey: Guid(5ea63bd1b93851d43a54c098313fc689) Importer(815301076,1909f56bfc062723c751e8b465ee728b)
Start importing Assets/Assets atv 12/currently using/mosquito/0mosquito.png using Guid(5ea63bd1b93851d43a54c098313fc689) Importer(815301076,1909f56bfc062723c751e8b465ee728b)  -> (artifact id: '16d45c1ecf3c75d4ef0fc08f30df818c') in 0.031635 seconds 
========================================================================
Received Import Request.
  Time since last request: 0.000016 seconds.
  path: Assets/Assets atv 12/currently using/mosquito/attack1_getto2.png
  artifactKey: Guid(39bafdbae542f1f4c912f74f3e7178ec) Importer(815301076,1909f56bfc062723c751e8b465ee728b)
Start importing Assets/Assets atv 12/currently using/mosquito/attack1_getto2.png using Guid(39bafdbae542f1f4c912f74f3e7178ec) Importer(815301076,1909f56bfc062723c751e8b465ee728b)  -> (artifact id: '6116b93ddcfb526b9d83f6048aaed8e5') in 0.033341 seconds 
========================================================================
Received Import Request.
  Time since last request: 0.000019 seconds.
  path: Assets/Assets atv 12/currently using/mosquito/flight1.png
  artifactKey: Guid(54048a40c34b0154d85e19e08f69e18c) Importer(815301076,1909f56bfc062723c751e8b465ee728b)
Start importing Assets/Assets atv 12/currently using/mosquito/flight1.png using Guid(54048a40c34b0154d85e19e08f69e18c) Importer(815301076,1909f56bfc062723c751e8b465ee728b)  -> (artifact id: 'b0cf6bfa68f5b2ae97f6443fa63d0b88') in 0.035764 seconds 
========================================================================
Received Import Request.
  Time since last request: 0.000026 seconds.
  path: Assets/Assets atv 12/currently using/mosquito/death2.png
  artifactKey: Guid(60de86d680caa3e46becf3f92ee676cc) Importer(815301076,1909f56bfc062723c751e8b465ee728b)
Start importing Assets/Assets atv 12/currently using/mosquito/death2.png using Guid(60de86d680caa3e46becf3f92ee676cc) Importer(815301076,1909f56bfc062723c751e8b465ee728b)  -> (artifact id: '76a3e0b6e27d81d15817c330185e0b2e') in 0.035038 seconds 
========================================================================
Received Import Request.
  Time since last request: 0.000029 seconds.
  path: Assets/Assets atv 12/currently using/mosquito/death1.png
  artifactKey: Guid(0af1e41e3f85f5f4393542b60221e545) Importer(815301076,1909f56bfc062723c751e8b465ee728b)
Start importing Assets/Assets atv 12/currently using/mosquito/death1.png using Guid(0af1e41e3f85f5f4393542b60221e545) Importer(815301076,1909f56bfc062723c751e8b465ee728b)  -> (artifact id: '40937aa2405c224a4a62269007e7d7c7') in 0.033569 seconds 
========================================================================
Received Import Request.
  Time since last request: 0.000022 seconds.
  path: Assets/Assets atv 12/currently using/mosquito/idle2.png
  artifactKey: Guid(4b362d163c62a5848aacd9fc3ac4a914) Importer(815301076,1909f56bfc062723c751e8b465ee728b)
Start importing Assets/Assets atv 12/currently using/mosquito/idle2.png using Guid(4b362d163c62a5848aacd9fc3ac4a914) Importer(815301076,1909f56bfc062723c751e8b465ee728b)  -> (artifact id: '524c9c3153abf05cf23f29964af788bd') in 0.033691 seconds 
========================================================================
Received Import Request.
  Time since last request: 0.000054 seconds.
  path: Assets/Assets atv 12/currently using/mosquito/death3.png
  artifactKey: Guid(8b989b05112c1c44dbec57fb6d3e84fa) Importer(815301076,1909f56bfc062723c751e8b465ee728b)
Start importing Assets/Assets atv 12/currently using/mosquito/death3.png using Guid(8b989b05112c1c44dbec57fb6d3e84fa) Importer(815301076,1909f56bfc062723c751e8b465ee728b)  -> (artifact id: '54a3a9b774a1db61db8c0cb95c436460') in 0.034578 seconds 
========================================================================
Received Import Request.
  Time since last request: 0.000025 seconds.
  path: Assets/Assets atv 12/currently using/mosquito/hurt2.png
  artifactKey: Guid(912e905c69a9e984c865cfdd7bc94af4) Importer(815301076,1909f56bfc062723c751e8b465ee728b)
Start importing Assets/Assets atv 12/currently using/mosquito/hurt2.png using Guid(912e905c69a9e984c865cfdd7bc94af4) Importer(815301076,1909f56bfc062723c751e8b465ee728b)  -> (artifact id: 'dcf98b3433b37551b5e283d91be5a8e4') in 0.034300 seconds 
========================================================================
Received Import Request.
  Time since last request: 0.000018 seconds.
  path: Assets/Assets atv 12/currently using/mosquito/death4.png
  artifactKey: Guid(d94264f68324174479d82c687be33ead) Importer(815301076,1909f56bfc062723c751e8b465ee728b)
Start importing Assets/Assets atv 12/currently using/mosquito/death4.png using Guid(d94264f68324174479d82c687be33ead) Importer(815301076,1909f56bfc062723c751e8b465ee728b)  -> (artifact id: 'e7ce885b8b93728199012942d25ed92c') in 0.033047 seconds 
========================================================================
Received Import Request.
  Time since last request: 0.000025 seconds.
  path: Assets/Assets atv 12/currently using/mosquito/attack2_cycle3.png
  artifactKey: Guid(fb4ee1edc51afeb4cb483665f4d94819) Importer(815301076,1909f56bfc062723c751e8b465ee728b)
Start importing Assets/Assets atv 12/currently using/mosquito/attack2_cycle3.png using Guid(fb4ee1edc51afeb4cb483665f4d94819) Importer(815301076,1909f56bfc062723c751e8b465ee728b)  -> (artifact id: '15d72b92a06452d2d28e672a8fed79bb') in 0.034897 seconds 
========================================================================
Received Import Request.
  Time since last request: 0.000086 seconds.
  path: Assets/Assets atv 12/currently using/mosquito/attack1_getto1.png
  artifactKey: Guid(8c0d4be1c80557e4cafc64af05b31582) Importer(815301076,1909f56bfc062723c751e8b465ee728b)
Start importing Assets/Assets atv 12/currently using/mosquito/attack1_getto1.png using Guid(8c0d4be1c80557e4cafc64af05b31582) Importer(815301076,1909f56bfc062723c751e8b465ee728b)  -> (artifact id: 'c6e87652f9ee086859bdf2c6498430c4') in 0.033903 seconds 
========================================================================
Received Import Request.
  Time since last request: 0.000025 seconds.
  path: Assets/Assets atv 12/currently using/mosquito/attack3_get_out.png
  artifactKey: Guid(7ede09e134a81284a862fb61640804de) Importer(815301076,1909f56bfc062723c751e8b465ee728b)
Start importing Assets/Assets atv 12/currently using/mosquito/attack3_get_out.png using Guid(7ede09e134a81284a862fb61640804de) Importer(815301076,1909f56bfc062723c751e8b465ee728b)  -> (artifact id: 'b955c8db91b7a3a887d2de7c1751013c') in 0.038791 seconds 
========================================================================
Received Import Request.
  Time since last request: 0.000026 seconds.
  path: Assets/Assets atv 12/currently using/mosquito/idle3.png
  artifactKey: Guid(ac1bb6af5b3aeb74789767b8323c9fc3) Importer(815301076,1909f56bfc062723c751e8b465ee728b)
Start importing Assets/Assets atv 12/currently using/mosquito/idle3.png using Guid(ac1bb6af5b3aeb74789767b8323c9fc3) Importer(815301076,1909f56bfc062723c751e8b465ee728b)  -> (artifact id: 'f757ebf00721d7ab92c150b8c9c4f136') in 0.034231 seconds 
========================================================================
Received Import Request.
  Time since last request: 0.000025 seconds.
  path: Assets/Assets atv 12/currently using/mosquito/idle1.png
  artifactKey: Guid(74cd115682c83954598c868025179e71) Importer(815301076,1909f56bfc062723c751e8b465ee728b)
Start importing Assets/Assets atv 12/currently using/mosquito/idle1.png using Guid(74cd115682c83954598c868025179e71) Importer(815301076,1909f56bfc062723c751e8b465ee728b)  -> (artifact id: 'd9f30f7ece5bee96ed0bea317065128b') in 0.033814 seconds 
========================================================================
Received Import Request.
  Time since last request: 0.000020 seconds.
  path: Assets/Assets atv 12/currently using/mosquito/hurt3.png
  artifactKey: Guid(e69fe87670c4ec240ac66ab519cf8007) Importer(815301076,1909f56bfc062723c751e8b465ee728b)
Start importing Assets/Assets atv 12/currently using/mosquito/hurt3.png using Guid(e69fe87670c4ec240ac66ab519cf8007) Importer(815301076,1909f56bfc062723c751e8b465ee728b)  -> (artifact id: 'd82a5e346edfc8e7e1ff34e0e4fc831b') in 0.033693 seconds 
========================================================================
Received Import Request.
  Time since last request: 0.000027 seconds.
  path: Assets/Assets atv 12/currently using/mosquito/attack2_cycle2.png
  artifactKey: Guid(710fa4169843c7e488522bd7fe313350) Importer(815301076,1909f56bfc062723c751e8b465ee728b)
Start importing Assets/Assets atv 12/currently using/mosquito/attack2_cycle2.png using Guid(710fa4169843c7e488522bd7fe313350) Importer(815301076,1909f56bfc062723c751e8b465ee728b)  -> (artifact id: '9f5c4529d69cca735bb04d316a3feee9') in 0.034245 seconds 
========================================================================
Received Import Request.
  Time since last request: 0.000028 seconds.
  path: Assets/Assets atv 12/currently using/mosquito/hurt1.png
  artifactKey: Guid(5ca53733f40343d40a881187b816d732) Importer(815301076,1909f56bfc062723c751e8b465ee728b)
Start importing Assets/Assets atv 12/currently using/mosquito/hurt1.png using Guid(5ca53733f40343d40a881187b816d732) Importer(815301076,1909f56bfc062723c751e8b465ee728b)  -> (artifact id: '1c2196cebe305ae1fca9f3bd447c3720') in 0.034268 seconds 
========================================================================
Received Import Request.
  Time since last request: 0.000028 seconds.
  path: Assets/Assets atv 12/currently using/mosquito/flight2.png
  artifactKey: Guid(a9cb3894c44a70c40a22c28a4eda8a93) Importer(815301076,1909f56bfc062723c751e8b465ee728b)
Start importing Assets/Assets atv 12/currently using/mosquito/flight2.png using Guid(a9cb3894c44a70c40a22c28a4eda8a93) Importer(815301076,1909f56bfc062723c751e8b465ee728b)  -> (artifact id: '05e928bb577cb5a22fa821ac4f6e6e82') in 0.033922 seconds 
========================================================================
Received Import Request.
  Time since last request: 0.000031 seconds.
  path: Assets/Assets atv 12/currently using/mosquito/flight3.png
  artifactKey: Guid(d96cf259465d8b649a1357d39c802092) Importer(815301076,1909f56bfc062723c751e8b465ee728b)
Start importing Assets/Assets atv 12/currently using/mosquito/flight3.png using Guid(d96cf259465d8b649a1357d39c802092) Importer(815301076,1909f56bfc062723c751e8b465ee728b)  -> (artifact id: 'deea63419c89355fc53e3ee3998fc086') in 0.037979 seconds 
========================================================================
Received Import Request.
  Time since last request: 0.000019 seconds.
  path: Assets/Assets atv 12/currently using/mosquito/attack2_cycle1.png
  artifactKey: Guid(d9990a211263a494a8f2a29a44dfad5a) Importer(815301076,1909f56bfc062723c751e8b465ee728b)
Start importing Assets/Assets atv 12/currently using/mosquito/attack2_cycle1.png using Guid(d9990a211263a494a8f2a29a44dfad5a) Importer(815301076,1909f56bfc062723c751e8b465ee728b)  -> (artifact id: 'c0c04a7aca2c307a453c6f07695f2b74') in 0.034686 seconds 
========================================================================
Received Import Request.
  Time since last request: 56.363952 seconds.
  path: Assets/Prefabs/Jewel 5.prefab
  artifactKey: Guid(bdfbf93a35f904941b5d3b899bed4849) Importer(815301076,1909f56bfc062723c751e8b465ee728b)
Start importing Assets/Prefabs/Jewel 5.prefab using Guid(bdfbf93a35f904941b5d3b899bed4849) Importer(815301076,1909f56bfc062723c751e8b465ee728b)  -> (artifact id: 'b1405969243488ec901f68dd20b37279') in 0.043457 seconds 
========================================================================
Received Import Request.
  Time since last request: 0.000048 seconds.
  path: Assets/Prefabs/Mosquito.prefab
  artifactKey: Guid(98b699223c25fe54294f422f2bfa4f40) Importer(815301076,1909f56bfc062723c751e8b465ee728b)
Start importing Assets/Prefabs/Mosquito.prefab using Guid(98b699223c25fe54294f422f2bfa4f40) Importer(815301076,1909f56bfc062723c751e8b465ee728b)  -> (artifact id: '7721c4973f385e116a5d49039560cf77') in 0.028003 seconds 
========================================================================
Received Import Request.
  Time since last request: 54.426831 seconds.
  path: Assets/Prefabs/Mosquito.prefab
  artifactKey: Guid(98b699223c25fe54294f422f2bfa4f40) Importer(815301076,1909f56bfc062723c751e8b465ee728b)
Start importing Assets/Prefabs/Mosquito.prefab using Guid(98b699223c25fe54294f422f2bfa4f40) Importer(815301076,1909f56bfc062723c751e8b465ee728b)  -> (artifact id: '95d9148aa9871a43662844075fc83f9f') in 0.035394 seconds 
========================================================================
Received Import Request.
  Time since last request: 93.337729 seconds.
  path: Assets/Assets atv 12/currently using/door1.png
  artifactKey: Guid(b21282da7d7b2e9489ca556035ae27fe) Importer(815301076,1909f56bfc062723c751e8b465ee728b)
Start importing Assets/Assets atv 12/currently using/door1.png using Guid(b21282da7d7b2e9489ca556035ae27fe) Importer(815301076,1909f56bfc062723c751e8b465ee728b)  -> (artifact id: '7535d19658949bc122808ab681dc5bdc') in 0.048463 seconds 
========================================================================
Received Import Request.
  Time since last request: 172.247437 seconds.
  path: Assets/Assets atv 12/currently using/door1.png
  artifactKey: Guid(b21282da7d7b2e9489ca556035ae27fe) Importer(815301076,1909f56bfc062723c751e8b465ee728b)
Start importing Assets/Assets atv 12/currently using/door1.png using Guid(b21282da7d7b2e9489ca556035ae27fe) Importer(815301076,1909f56bfc062723c751e8b465ee728b)  -> (artifact id: '6f20a17b8c352acca59f2d151e1382f7') in 0.047296 seconds 
